<?xml version="1.0" encoding="UTF-8"?>
<!-- Generated by org.testng.reporters.JUnitXMLReporter -->
<testsuite ignored="0" hostname="UBL-LC-DINESH" failures="0" tests="3" name="Default test" time="0.078" errors="0" timestamp="2023-06-29T13:02:32 IST">
  <testcase classname="com.selenium.TestNG.TestNGTutorial" name="signin" time="0.009"/>
  <testcase classname="com.selenium.TestNG.TestNGTutorial" name="signout" time="0.002"/>
  <testcase classname="com.selenium.TestNG.TestNGTutorial" name="signup" time="0.001"/>
</testsuite> <!-- Default test -->
