<?xml version="1.0" encoding="UTF-8"?>
<!-- Generated by org.testng.reporters.JUnitXMLReporter -->
<testsuite ignored="0" hostname="UBL-LC-DINESH" failures="0" tests="6" name="Test" time="0.073" errors="0" timestamp="2023-06-29T14:17:20 IST">
  <testcase classname="com.selenium.TestNG.TestNGTutorial" name="signin" time="0.005"/>
  <testcase classname="com.selenium.TestNG.TestNGTutorial" name="signout" time="0.001"/>
  <testcase classname="com.selenium.TestNG.TestNGTutorial" name="signup" time="0.002"/>
  <testcase classname="com.selenium.TestNG.day1" name="carsignin" time="0.002"/>
  <testcase classname="com.selenium.TestNG.day1" name="carsignout" time="0.002"/>
  <testcase classname="com.selenium.TestNG.day1" name="carsignup" time="0.001"/>
</testsuite> <!-- Test -->
