<?xml version="1.0" encoding="UTF-8"?>
<!-- Generated by org.testng.reporters.JUnitXMLReporter -->
<testsuite ignored="1" hostname="UBL-LC-DINESH" failures="0" tests="2" name="home" time="0.013" errors="0" timestamp="2023-07-27T11:59:18 IST">
  <testcase classname="com.selenium.TestNG.day2" name="homesignin" time="0.001"/>
  <testcase classname="com.selenium.TestNG.day2" name="homesignout" time="0.0"/>
  <testcase classname="com.selenium.TestNG.day2" name="homesignup" time="0.0">
    <ignored/>
  </testcase> <!-- homesignup -->
</testsuite> <!-- home -->
