<?xml version="1.0" encoding="UTF-8"?>
<testng-results ignored="0" total="8" passed="8" failed="0" skipped="0">
  <reporter-output>
  </reporter-output>
  <suite started-at="2023-07-27T11:59:18 IST" name="Suite" finished-at="2023-07-27T11:59:18 IST" duration-ms="147">
    <groups>
      <group name="smoke">
        <method signature="day2.homesignin()[pri:0, instance:com.selenium.TestNG.day2@661972b0]" name="homesignin" class="com.selenium.TestNG.day2"/>
        <method signature="day2.homesignout()[pri:0, instance:com.selenium.TestNG.day2@661972b0]" name="homesignout" class="com.selenium.TestNG.day2"/>
      </group> <!-- smoke -->
    </groups>
    <test started-at="2023-07-27T11:59:18 IST" name="Test" finished-at="2023-07-27T11:59:18 IST" duration-ms="66">
      <class name="com.selenium.TestNG.day1">
        <test-method signature="carsignin()[pri:0, instance:com.selenium.TestNG.day1@29626d54]" started-at="2023-07-27T11:59:18 IST" name="carsignin" finished-at="2023-07-27T11:59:18 IST" duration-ms="2" status="PASS">
          <reporter-output>
          </reporter-output>
        </test-method> <!-- carsignin -->
        <test-method signature="carsignout()[pri:0, instance:com.selenium.TestNG.day1@29626d54]" started-at="2023-07-27T11:59:18 IST" name="carsignout" finished-at="2023-07-27T11:59:18 IST" duration-ms="1" status="PASS">
          <reporter-output>
          </reporter-output>
        </test-method> <!-- carsignout -->
        <test-method signature="carsignup(java.lang.String)[pri:0, instance:com.selenium.TestNG.day1@29626d54]" started-at="2023-07-27T11:59:18 IST" name="carsignup" finished-at="2023-07-27T11:59:18 IST" duration-ms="2" status="PASS">
          <params>
            <param index="0">
              <value>
                <![CDATA[qacliackacademy.com]]>
              </value>
            </param>
          </params>
          <reporter-output>
          </reporter-output>
        </test-method> <!-- carsignup -->
      </class> <!-- com.selenium.TestNG.day1 -->
      <class name="com.selenium.TestNG.TestNGTutorial">
        <test-method signature="signin()[pri:0, instance:com.selenium.TestNG.TestNGTutorial@57c758ac]" started-at="2023-07-27T11:59:18 IST" name="signin" finished-at="2023-07-27T11:59:18 IST" duration-ms="0" status="PASS">
          <reporter-output>
          </reporter-output>
        </test-method> <!-- signin -->
        <test-method signature="signout()[pri:0, instance:com.selenium.TestNG.TestNGTutorial@57c758ac]" started-at="2023-07-27T11:59:18 IST" name="signout" finished-at="2023-07-27T11:59:18 IST" duration-ms="1" status="PASS">
          <reporter-output>
          </reporter-output>
        </test-method> <!-- signout -->
        <test-method signature="signup()[pri:0, instance:com.selenium.TestNG.TestNGTutorial@57c758ac]" started-at="2023-07-27T11:59:18 IST" name="signup" finished-at="2023-07-27T11:59:18 IST" duration-ms="1" status="PASS">
          <reporter-output>
          </reporter-output>
        </test-method> <!-- signup -->
      </class> <!-- com.selenium.TestNG.TestNGTutorial -->
    </test> <!-- Test -->
    <test started-at="2023-07-27T11:59:18 IST" name="home" finished-at="2023-07-27T11:59:18 IST" duration-ms="13">
      <class name="com.selenium.TestNG.day2">
        <test-method is-config="true" signature="beforesuite()[pri:0, instance:com.selenium.TestNG.day2@661972b0]" started-at="2023-07-27T11:59:18 IST" name="beforesuite" finished-at="2023-07-27T11:59:18 IST" duration-ms="18" status="PASS">
          <reporter-output>
          </reporter-output>
        </test-method> <!-- beforesuite -->
        <test-method is-config="true" signature="beforeclass()[pri:0, instance:com.selenium.TestNG.day2@661972b0]" started-at="2023-07-27T11:59:18 IST" name="beforeclass" finished-at="2023-07-27T11:59:18 IST" duration-ms="1" status="PASS">
          <reporter-output>
          </reporter-output>
        </test-method> <!-- beforeclass -->
        <test-method is-config="true" signature="beforegroup()[pri:0, instance:com.selenium.TestNG.day2@661972b0]" started-at="2023-07-27T11:59:18 IST" name="beforegroup" finished-at="2023-07-27T11:59:18 IST" duration-ms="1" status="PASS">
          <reporter-output>
          </reporter-output>
        </test-method> <!-- beforegroup -->
        <test-method signature="homesignin()[pri:0, instance:com.selenium.TestNG.day2@661972b0]" started-at="2023-07-27T11:59:18 IST" name="homesignin" finished-at="2023-07-27T11:59:18 IST" duration-ms="1" status="PASS">
          <reporter-output>
          </reporter-output>
        </test-method> <!-- homesignin -->
        <test-method signature="homesignout()[pri:0, instance:com.selenium.TestNG.day2@661972b0]" started-at="2023-07-27T11:59:18 IST" name="homesignout" finished-at="2023-07-27T11:59:18 IST" duration-ms="0" status="PASS">
          <reporter-output>
          </reporter-output>
        </test-method> <!-- homesignout -->
        <test-method is-config="true" signature="aftergroup()[pri:0, instance:com.selenium.TestNG.day2@661972b0]" started-at="2023-07-27T11:59:18 IST" name="aftergroup" finished-at="2023-07-27T11:59:18 IST" duration-ms="1" status="PASS">
          <reporter-output>
          </reporter-output>
        </test-method> <!-- aftergroup -->
        <test-method is-config="true" signature="afterclass()[pri:0, instance:com.selenium.TestNG.day2@661972b0]" started-at="2023-07-27T11:59:18 IST" name="afterclass" finished-at="2023-07-27T11:59:18 IST" duration-ms="1" status="PASS">
          <reporter-output>
          </reporter-output>
        </test-method> <!-- afterclass -->
        <test-method is-config="true" signature="aftersuite()[pri:0, instance:com.selenium.TestNG.day2@661972b0]" started-at="2023-07-27T11:59:18 IST" name="aftersuite" finished-at="2023-07-27T11:59:18 IST" duration-ms="1" status="PASS">
          <reporter-output>
          </reporter-output>
        </test-method> <!-- aftersuite -->
      </class> <!-- com.selenium.TestNG.day2 -->
    </test> <!-- home -->
  </suite> <!-- Suite -->
</testng-results>
